<?xml version="1.0" encoding="UTF-8"?>
<!-- Generated by org.testng.reporters.JUnitReportReporter -->
<testsuite hostname="Runagate-rampant" failures="0" tests="4" name="com.unosquare.FirstTest" time="2.925" errors="0" timestamp="2024-04-15T12:16:31 CST" skipped="0">
  <testcase classname="com.unosquare.FirstTest" name="NasaTest_WrongApiKey" time="0.286"/>
  <system-out>
    <![CDATA[API Nasa, mars pictures Sucess 403 validation with invalid API key]]>
  </system-out>
  <testcase classname="com.unosquare.FirstTest" name="TestSecondTest" time="0.550"/>
  <system-out>
    <![CDATA[Sucess 404 validation]]>
  </system-out>
  <testcase classname="com.unosquare.FirstTest" name="NasaTest" time="1.908"/>
  <system-out>
    <![CDATA[API Nasa, mars pictures Sucess 200 validation, first image url http://mars.jpl.nasa.gov/msl-raw-images/proj/msl/redops/ods/surface/sol/01000/opgs/edr/fcam/FLB_486265257EDR_F0481570FHAZ00323M_.JPG]]>
  </system-out>
  <testcase classname="com.unosquare.FirstTest" name="f" time="0.181"/>
  <system-out>
    <![CDATA[Sucess 200 validation]]>
  </system-out>
</testsuite> <!-- com.unosquare.FirstTest -->
