<?xml version="1.0" encoding="UTF-8"?>
<!-- Generated by org.testng.reporters.JUnitReportReporter -->
<testsuite hostname="Runagate-rampant" failures="0" tests="1" name="com.unosquare.FirstTest" time="1.455" errors="0" timestamp="2024-04-15T11:41:39 CST" skipped="0">
  <testcase classname="com.unosquare.FirstTest" name="f" time="1.455"/>
  <system-out>
    <![CDATA[Sucess 200 validation]]>
  </system-out>
</testsuite> <!-- com.unosquare.FirstTest -->
